{"D:\\Projets\\Greenly\\public-hiring-test\\config\\dataSource.ts": {"path":"D:\\Projets\\Greenly\\public-hiring-test\\config\\dataSource.ts","statementMap":{"0":{"start":{"line":1,"column":0},"end":{"line":1,"column":44}},"1":{"start":{"line":2,"column":0},"end":{"line":2,"column":48}},"2":{"start":{"line":3,"column":0},"end":{"line":3,"column":28}},"3":{"start":{"line":4,"column":0},"end":{"line":4,"column":56}},"4":{"start":{"line":6,"column":0},"end":{"line":6,"column":31}},"5":{"start":{"line":8,"column":45},"end":{"line":22,"column":2}},"6":{"start":{"line":24,"column":13},"end":{"line":24,"column":70}},"7":{"start":{"line":24,"column":51},"end":{"line":24,"column":68}},"8":{"start":{"line":31,"column":4},"end":{"line":39,"column":5}},"9":{"start":{"line":32,"column":6},"end":{"line":35,"column":7}},"10":{"start":{"line":33,"column":8},"end":{"line":33,"column":78}},"11":{"start":{"line":34,"column":8},"end":{"line":34,"column":35}},"12":{"start":{"line":36,"column":6},"end":{"line":36,"column":62}},"13":{"start":{"line":38,"column":6},"end":{"line":38,"column":33}},"14":{"start":{"line":40,"column":4},"end":{"line":43,"column":5}},"15":{"start":{"line":41,"column":6},"end":{"line":41,"column":72}},"16":{"start":{"line":42,"column":6},"end":{"line":42,"column":29}},"17":{"start":{"line":44,"column":4},"end":{"line":44,"column":56}},"18":{"start":{"line":46,"column":4},"end":{"line":46,"column":27}},"19":{"start":{"line":50,"column":4},"end":{"line":59,"column":5}},"20":{"start":{"line":51,"column":23},"end":{"line":51,"column":49}},"21":{"start":{"line":52,"column":25},"end":{"line":54,"column":19}},"22":{"start":{"line":53,"column":25},"end":{"line":53,"column":48}},"23":{"start":{"line":56,"column":6},"end":{"line":56,"column":64}},"24":{"start":{"line":58,"column":6},"end":{"line":58,"column":65}},"25":{"start":{"line":26,"column":0},"end":{"line":26,"column":13}},"26":{"start":{"line":63,"column":13},"end":{"line":63,"column":58}}},"fnMap":{"0":{"name":"(anonymous_0)","decl":{"start":{"line":24,"column":45},"end":{"line":24,"column":48}},"loc":{"start":{"line":24,"column":51},"end":{"line":24,"column":68}}},"1":{"name":"(anonymous_1)","decl":{"start":{"line":30,"column":9},"end":{"line":30,"column":15}},"loc":{"start":{"line":30,"column":27},"end":{"line":47,"column":3}}},"2":{"name":"(anonymous_2)","decl":{"start":{"line":49,"column":9},"end":{"line":49,"column":15}},"loc":{"start":{"line":49,"column":35},"end":{"line":60,"column":3}}},"3":{"name":"(anonymous_3)","decl":{"start":{"line":53,"column":13},"end":{"line":53,"column":14}},"loc":{"start":{"line":53,"column":25},"end":{"line":53,"column":48}}}},"branchMap":{"0":{"loc":{"start":{"line":11,"column":7},"end":{"line":11,"column":99}},"type":"cond-expr","locations":[{"start":{"line":11,"column":41},"end":{"line":11,"column":71}},{"start":{"line":11,"column":74},"end":{"line":11,"column":99}}]},"1":{"loc":{"start":{"line":31,"column":4},"end":{"line":39,"column":5}},"type":"if","locations":[{"start":{"line":31,"column":4},"end":{"line":39,"column":5}}]},"2":{"loc":{"start":{"line":32,"column":6},"end":{"line":35,"column":7}},"type":"if","locations":[{"start":{"line":32,"column":6},"end":{"line":35,"column":7}}]},"3":{"loc":{"start":{"line":40,"column":4},"end":{"line":43,"column":5}},"type":"if","locations":[{"start":{"line":40,"column":4},"end":{"line":43,"column":5}}]}},"s":{"0":4,"1":4,"2":4,"3":4,"4":4,"5":4,"6":4,"7":0,"8":4,"9":0,"10":0,"11":0,"12":0,"13":0,"14":4,"15":0,"16":0,"17":4,"18":4,"19":6,"20":6,"21":6,"22":12,"23":6,"24":0,"25":4,"26":4},"f":{"0":0,"1":4,"2":6,"3":12},"b":{"0":[0,4],"1":[0],"2":[0],"3":[0]}}
,"D:\\Projets\\Greenly\\public-hiring-test\\migrations\\1708367794381-carbonEmissionFactor.ts": {"path":"D:\\Projets\\Greenly\\public-hiring-test\\migrations\\1708367794381-carbonEmissionFactor.ts","statementMap":{"0":{"start":{"line":4,"column":2},"end":{"line":4,"column":45}},"1":{"start":{"line":7,"column":4},"end":{"line":9,"column":6}},"2":{"start":{"line":13,"column":4},"end":{"line":13,"column":68}},"3":{"start":{"line":3,"column":0},"end":{"line":3,"column":13}}},"fnMap":{"0":{"name":"(anonymous_0)","decl":{"start":{"line":3,"column":0},"end":{"line":3,"column":13}},"loc":{"start":{"line":3,"column":0},"end":{"line":15,"column":1}}},"1":{"name":"(anonymous_1)","decl":{"start":{"line":6,"column":9},"end":{"line":6,"column":14}},"loc":{"start":{"line":6,"column":42},"end":{"line":10,"column":3}}},"2":{"name":"(anonymous_2)","decl":{"start":{"line":12,"column":9},"end":{"line":12,"column":14}},"loc":{"start":{"line":12,"column":44},"end":{"line":14,"column":3}}}},"branchMap":{},"s":{"0":4,"1":0,"2":0,"3":4},"f":{"0":4,"1":0,"2":0},"b":{}}
,"D:\\Projets\\Greenly\\public-hiring-test\\migrations\\1713800910616-carbonFootprintRecipe.ts": {"path":"D:\\Projets\\Greenly\\public-hiring-test\\migrations\\1713800910616-carbonFootprintRecipe.ts","statementMap":{"0":{"start":{"line":4,"column":4},"end":{"line":4,"column":null}},"1":{"start":{"line":7,"column":8},"end":{"line":7,"column":294}},"2":{"start":{"line":11,"column":8},"end":{"line":11,"column":73}},"3":{"start":{"line":3,"column":0},"end":{"line":3,"column":13}}},"fnMap":{"0":{"name":"(anonymous_0)","decl":{"start":{"line":3,"column":0},"end":{"line":3,"column":13}},"loc":{"start":{"line":3,"column":0},"end":{"line":14,"column":1}}},"1":{"name":"(anonymous_1)","decl":{"start":{"line":6,"column":11},"end":{"line":6,"column":16}},"loc":{"start":{"line":6,"column":44},"end":{"line":8,"column":5}}},"2":{"name":"(anonymous_2)","decl":{"start":{"line":10,"column":11},"end":{"line":10,"column":16}},"loc":{"start":{"line":10,"column":46},"end":{"line":12,"column":5}}}},"branchMap":{},"s":{"0":4,"1":0,"2":0,"3":4},"f":{"0":4,"1":0,"2":0},"b":{}}
,"D:\\Projets\\Greenly\\public-hiring-test\\src\\modules\\carbonEmissionFactor\\carbonEmissionFactor.entity.ts": {"path":"D:\\Projets\\Greenly\\public-hiring-test\\src\\modules\\carbonEmissionFactor\\carbonEmissionFactor.entity.ts","statementMap":{"0":{"start":{"line":1,"column":0},"end":{"line":1,"column":77}},"1":{"start":{"line":2,"column":0},"end":{"line":2,"column":57}},"2":{"start":{"line":5,"column":7},"end":{"line":50,"column":null}},"3":{"start":{"line":31,"column":4},"end":{"line":33,"column":5}},"4":{"start":{"line":32,"column":6},"end":{"line":32,"column":48}},"5":{"start":{"line":42,"column":4},"end":{"line":42,"column":12}},"6":{"start":{"line":44,"column":4},"end":{"line":44,"column":28}},"7":{"start":{"line":45,"column":4},"end":{"line":45,"column":28}},"8":{"start":{"line":46,"column":4},"end":{"line":46,"column":66}},"9":{"start":{"line":47,"column":4},"end":{"line":47,"column":32}},"10":{"start":{"line":48,"column":4},"end":{"line":48,"column":20}},"11":{"start":{"line":5,"column":13},"end":{"line":5,"column":33}},"12":{"start":{"line":7,"column":2},"end":{"line":7,"column":null}},"13":{"start":{"line":12,"column":2},"end":{"line":12,"column":null}},"14":{"start":{"line":17,"column":2},"end":{"line":17,"column":null}},"15":{"start":{"line":23,"column":2},"end":{"line":23,"column":null}},"16":{"start":{"line":28,"column":2},"end":{"line":28,"column":null}},"17":{"start":{"line":5,"column":13},"end":{"line":50,"column":null}}},"fnMap":{"0":{"name":"(anonymous_2)","decl":{"start":{"line":30,"column":2},"end":{"line":30,"column":10}},"loc":{"start":{"line":30,"column":10},"end":{"line":34,"column":3}}},"1":{"name":"(anonymous_3)","decl":{"start":{"line":36,"column":2},"end":{"line":36,"column":14}},"loc":{"start":{"line":41,"column":3},"end":{"line":49,"column":3}}}},"branchMap":{"0":{"loc":{"start":{"line":31,"column":4},"end":{"line":33,"column":5}},"type":"if","locations":[{"start":{"line":31,"column":4},"end":{"line":33,"column":5}}]}},"s":{"0":4,"1":4,"2":4,"3":62,"4":1,"5":62,"6":62,"7":62,"8":62,"9":62,"10":62,"11":4,"12":4,"13":4,"14":4,"15":4,"16":4,"17":4},"f":{"0":62,"1":62},"b":{"0":[1]}}
,"D:\\Projets\\Greenly\\public-hiring-test\\src\\modules\\carbonEmissionFactor\\carbonEmissionFactors.service.ts": {"path":"D:\\Projets\\Greenly\\public-hiring-test\\src\\modules\\carbonEmissionFactor\\carbonEmissionFactors.service.ts","statementMap":{"0":{"start":{"line":1,"column":0},"end":{"line":1,"column":44}},"1":{"start":{"line":2,"column":0},"end":{"line":2,"column":51}},"2":{"start":{"line":3,"column":0},"end":{"line":3,"column":37}},"3":{"start":{"line":4,"column":0},"end":{"line":4,"column":69}},"4":{"start":{"line":8,"column":7},"end":{"line":23,"column":null}},"5":{"start":{"line":11,"column":11},"end":{"line":11,"column":43}},"6":{"start":{"line":15,"column":4},"end":{"line":15,"column":54}},"7":{"start":{"line":21,"column":4},"end":{"line":21,"column":74}},"8":{"start":{"line":8,"column":13},"end":{"line":8,"column":41}},"9":{"start":{"line":8,"column":13},"end":{"line":23,"column":null}}},"fnMap":{"0":{"name":"(anonymous_4)","decl":{"start":{"line":9,"column":2},"end":{"line":9,"column":null}},"loc":{"start":{"line":11,"column":75},"end":{"line":12,"column":6}}},"1":{"name":"(anonymous_5)","decl":{"start":{"line":14,"column":2},"end":{"line":14,"column":9}},"loc":{"start":{"line":14,"column":9},"end":{"line":16,"column":3}}},"2":{"name":"(anonymous_6)","decl":{"start":{"line":18,"column":2},"end":{"line":18,"column":6}},"loc":{"start":{"line":19,"column":57},"end":{"line":22,"column":3}}}},"branchMap":{},"s":{"0":1,"1":1,"2":1,"3":1,"4":1,"5":1,"6":1,"7":1,"8":1,"9":1},"f":{"0":1,"1":1,"2":1},"b":{}}
,"D:\\Projets\\Greenly\\public-hiring-test\\src\\modules\\carbonFootprintRecipe\\carbonFootprintRecipe.entity.ts": {"path":"D:\\Projets\\Greenly\\public-hiring-test\\src\\modules\\carbonFootprintRecipe\\carbonFootprintRecipe.entity.ts","statementMap":{"0":{"start":{"line":1,"column":0},"end":{"line":1,"column":77}},"1":{"start":{"line":2,"column":0},"end":{"line":2,"column":57}},"2":{"start":{"line":5,"column":7},"end":{"line":30,"column":null}},"3":{"start":{"line":16,"column":8},"end":{"line":18,"column":9}},"4":{"start":{"line":17,"column":12},"end":{"line":17,"column":52}},"5":{"start":{"line":25,"column":8},"end":{"line":25,"column":16}},"6":{"start":{"line":26,"column":8},"end":{"line":26,"column":32}},"7":{"start":{"line":27,"column":8},"end":{"line":27,"column":54}},"8":{"start":{"line":28,"column":8},"end":{"line":28,"column":24}},"9":{"start":{"line":5,"column":13},"end":{"line":5,"column":34}},"10":{"start":{"line":7,"column":11},"end":{"line":7,"column":null}},"11":{"start":{"line":10,"column":11},"end":{"line":10,"column":null}},"12":{"start":{"line":13,"column":11},"end":{"line":13,"column":null}},"13":{"start":{"line":5,"column":13},"end":{"line":30,"column":null}}},"fnMap":{"0":{"name":"(anonymous_2)","decl":{"start":{"line":15,"column":4},"end":{"line":15,"column":12}},"loc":{"start":{"line":15,"column":12},"end":{"line":19,"column":5}}},"1":{"name":"(anonymous_3)","decl":{"start":{"line":21,"column":4},"end":{"line":21,"column":16}},"loc":{"start":{"line":24,"column":5},"end":{"line":29,"column":5}}}},"branchMap":{"0":{"loc":{"start":{"line":16,"column":8},"end":{"line":18,"column":9}},"type":"if","locations":[{"start":{"line":16,"column":8},"end":{"line":18,"column":9}}]}},"s":{"0":4,"1":4,"2":4,"3":11,"4":1,"5":11,"6":11,"7":11,"8":11,"9":4,"10":4,"11":4,"12":4,"13":4},"f":{"0":11,"1":11},"b":{"0":[1]}}
,"D:\\Projets\\Greenly\\public-hiring-test\\src\\modules\\carbonFootprintRecipe\\carbonFootprintRecipe.service.ts": {"path":"D:\\Projets\\Greenly\\public-hiring-test\\src\\modules\\carbonFootprintRecipe\\carbonFootprintRecipe.service.ts","statementMap":{"0":{"start":{"line":1,"column":0},"end":{"line":1,"column":42}},"1":{"start":{"line":2,"column":0},"end":{"line":2,"column":69}},"2":{"start":{"line":3,"column":0},"end":{"line":3,"column":35}},"3":{"start":{"line":4,"column":0},"end":{"line":4,"column":49}},"4":{"start":{"line":6,"column":0},"end":{"line":6,"column":55}},"5":{"start":{"line":7,"column":0},"end":{"line":7,"column":null}},"6":{"start":{"line":12,"column":0},"end":{"line":12,"column":89}},"7":{"start":{"line":15,"column":7},"end":{"line":55,"column":null}},"8":{"start":{"line":19,"column":15},"end":{"line":19,"column":48}},"9":{"start":{"line":21,"column":15},"end":{"line":21,"column":47}},"10":{"start":{"line":25,"column":45},"end":{"line":25,"column":46}},"11":{"start":{"line":26,"column":32},"end":{"line":26,"column":37}},"12":{"start":{"line":28,"column":8},"end":{"line":29,"column":122}},"13":{"start":{"line":28,"column":51},"end":{"line":28,"column":99}},"14":{"start":{"line":29,"column":13},"end":{"line":29,"column":122}},"15":{"start":{"line":29,"column":67},"end":{"line":29,"column":122}},"16":{"start":{"line":31,"column":8},"end":{"line":38,"column":9}},"17":{"start":{"line":32,"column":36},"end":{"line":32,"column":145}},"18":{"start":{"line":33,"column":12},"end":{"line":36,"column":13}},"19":{"start":{"line":34,"column":16},"end":{"line":34,"column":41}},"20":{"start":{"line":35,"column":16},"end":{"line":35,"column":22}},"21":{"start":{"line":37,"column":12},"end":{"line":37,"column":null}},"22":{"start":{"line":39,"column":8},"end":{"line":39,"column":53}},"23":{"start":{"line":39,"column":30},"end":{"line":39,"column":53}},"24":{"start":{"line":40,"column":50},"end":{"line":40,"column":151}},"25":{"start":{"line":42,"column":8},"end":{"line":48,"column":62}},"26":{"start":{"line":43,"column":42},"end":{"line":46,"column":14}},"27":{"start":{"line":47,"column":12},"end":{"line":47,"column":83}},"28":{"start":{"line":48,"column":15},"end":{"line":48,"column":62}},"29":{"start":{"line":49,"column":8},"end":{"line":49,"column":null}},"30":{"start":{"line":53,"column":8},"end":{"line":53,"column":65}},"31":{"start":{"line":15,"column":13},"end":{"line":15,"column":41}},"32":{"start":{"line":15,"column":13},"end":{"line":55,"column":null}}},"fnMap":{"0":{"name":"(anonymous_4)","decl":{"start":{"line":17,"column":4},"end":{"line":17,"column":null}},"loc":{"start":{"line":21,"column":79},"end":{"line":22,"column":7}}},"1":{"name":"(anonymous_5)","decl":{"start":{"line":24,"column":4},"end":{"line":24,"column":9}},"loc":{"start":{"line":24,"column":96},"end":{"line":50,"column":5}}},"2":{"name":"(anonymous_6)","decl":{"start":{"line":52,"column":4},"end":{"line":52,"column":9}},"loc":{"start":{"line":52,"column":36},"end":{"line":54,"column":5}}}},"branchMap":{"0":{"loc":{"start":{"line":28,"column":8},"end":{"line":29,"column":122}},"type":"if","locations":[{"start":{"line":28,"column":8},"end":{"line":29,"column":122}},{"start":{"line":29,"column":13},"end":{"line":29,"column":122}}]},"1":{"loc":{"start":{"line":29,"column":13},"end":{"line":29,"column":122}},"type":"if","locations":[{"start":{"line":29,"column":13},"end":{"line":29,"column":122}}]},"2":{"loc":{"start":{"line":33,"column":12},"end":{"line":36,"column":13}},"type":"if","locations":[{"start":{"line":33,"column":12},"end":{"line":36,"column":13}}]},"3":{"loc":{"start":{"line":39,"column":8},"end":{"line":39,"column":53}},"type":"if","locations":[{"start":{"line":39,"column":8},"end":{"line":39,"column":53}}]},"4":{"loc":{"start":{"line":42,"column":8},"end":{"line":48,"column":62}},"type":"if","locations":[{"start":{"line":42,"column":8},"end":{"line":48,"column":62}},{"start":{"line":48,"column":15},"end":{"line":48,"column":62}}]}},"s":{"0":1,"1":1,"2":1,"3":1,"4":1,"5":1,"6":1,"7":1,"8":1,"9":1,"10":5,"11":5,"12":5,"13":1,"14":4,"15":1,"16":3,"17":14,"18":14,"19":1,"20":1,"21":13,"22":3,"23":1,"24":3,"25":3,"26":2,"27":2,"28":1,"29":2,"30":1,"31":1,"32":1},"f":{"0":1,"1":5,"2":1},"b":{"0":[1,4],"1":[1],"2":[1],"3":[1],"4":[2,1]}}
,"D:\\Projets\\Greenly\\public-hiring-test\\src\\modules\\carbonFootprintRecipe\\dto\\compute-carbonFootprintRecipe.dto.ts": {"path":"D:\\Projets\\Greenly\\public-hiring-test\\src\\modules\\carbonFootprintRecipe\\dto\\compute-carbonFootprintRecipe.dto.ts","statementMap":{"0":{"start":{"line":1,"column":0},"end":{"line":1,"column":72}},"1":{"start":{"line":3,"column":0},"end":{"line":3,"column":13}},"2":{"start":{"line":6,"column":11},"end":{"line":6,"column":null}},"3":{"start":{"line":10,"column":11},"end":{"line":10,"column":null}},"4":{"start":{"line":13,"column":0},"end":{"line":13,"column":13}},"5":{"start":{"line":16,"column":20},"end":{"line":16,"column":null}},"6":{"start":{"line":20,"column":20},"end":{"line":20,"column":null}},"7":{"start":{"line":24,"column":20},"end":{"line":24,"column":null}}},"fnMap":{},"branchMap":{},"s":{"0":1,"1":1,"2":1,"3":1,"4":1,"5":1,"6":1,"7":1},"f":{},"b":{}}
,"D:\\Projets\\Greenly\\public-hiring-test\\src\\modules\\carbonFootprintRecipe\\exceptions\\carbonFootprintRecipe.exception.ts": {"path":"D:\\Projets\\Greenly\\public-hiring-test\\src\\modules\\carbonFootprintRecipe\\exceptions\\carbonFootprintRecipe.exception.ts","statementMap":{"0":{"start":{"line":3,"column":8},"end":{"line":3,"column":23}},"1":{"start":{"line":4,"column":8},"end":{"line":4,"column":37}},"2":{"start":{"line":1,"column":0},"end":{"line":1,"column":13}},"3":{"start":{"line":10,"column":8},"end":{"line":10,"column":23}},"4":{"start":{"line":11,"column":8},"end":{"line":11,"column":44}},"5":{"start":{"line":8,"column":0},"end":{"line":8,"column":13}},"6":{"start":{"line":17,"column":8},"end":{"line":17,"column":23}},"7":{"start":{"line":18,"column":8},"end":{"line":18,"column":42}},"8":{"start":{"line":15,"column":0},"end":{"line":15,"column":13}}},"fnMap":{"0":{"name":"(anonymous_0)","decl":{"start":{"line":2,"column":4},"end":{"line":2,"column":16}},"loc":{"start":{"line":2,"column":55},"end":{"line":5,"column":5}}},"1":{"name":"(anonymous_1)","decl":{"start":{"line":9,"column":4},"end":{"line":9,"column":16}},"loc":{"start":{"line":9,"column":62},"end":{"line":12,"column":5}}},"2":{"name":"(anonymous_2)","decl":{"start":{"line":16,"column":4},"end":{"line":16,"column":16}},"loc":{"start":{"line":16,"column":73},"end":{"line":19,"column":5}}}},"branchMap":{"0":{"loc":{"start":{"line":2,"column":16},"end":{"line":2,"column":55}},"type":"default-arg","locations":[{"start":{"line":2,"column":34},"end":{"line":2,"column":55}}]},"1":{"loc":{"start":{"line":9,"column":16},"end":{"line":9,"column":62}},"type":"default-arg","locations":[{"start":{"line":9,"column":34},"end":{"line":9,"column":62}}]},"2":{"loc":{"start":{"line":16,"column":16},"end":{"line":16,"column":73}},"type":"default-arg","locations":[{"start":{"line":16,"column":34},"end":{"line":16,"column":73}}]}},"s":{"0":1,"1":1,"2":1,"3":1,"4":1,"5":1,"6":1,"7":1,"8":1},"f":{"0":1,"1":1,"2":1},"b":{"0":[1],"1":[1],"2":[1]}}
,"D:\\Projets\\Greenly\\public-hiring-test\\src\\shared\\utils\\stringUtils.ts": {"path":"D:\\Projets\\Greenly\\public-hiring-test\\src\\shared\\utils\\stringUtils.ts","statementMap":{"0":{"start":{"line":1,"column":25},"end":{"line":2,"column":44}},"1":{"start":{"line":2,"column":2},"end":{"line":2,"column":44}},"2":{"start":{"line":1,"column":13},"end":{"line":1,"column":25}},"3":{"start":{"line":4,"column":23},"end":{"line":5,"column":93}},"4":{"start":{"line":5,"column":2},"end":{"line":5,"column":93}},"5":{"start":{"line":4,"column":13},"end":{"line":4,"column":23}}},"fnMap":{"0":{"name":"(anonymous_0)","decl":{"start":{"line":1,"column":25},"end":{"line":1,"column":26}},"loc":{"start":{"line":2,"column":2},"end":{"line":2,"column":44}}},"1":{"name":"(anonymous_1)","decl":{"start":{"line":4,"column":23},"end":{"line":4,"column":24}},"loc":{"start":{"line":5,"column":2},"end":{"line":5,"column":93}}}},"branchMap":{"0":{"loc":{"start":{"line":2,"column":2},"end":{"line":2,"column":44}},"type":"binary-expr","locations":[{"start":{"line":2,"column":2},"end":{"line":2,"column":28}},{"start":{"line":2,"column":32},"end":{"line":2,"column":44}}]},"1":{"loc":{"start":{"line":5,"column":2},"end":{"line":5,"column":93}},"type":"binary-expr","locations":[{"start":{"line":5,"column":2},"end":{"line":5,"column":16}},{"start":{"line":5,"column":20},"end":{"line":5,"column":36}},{"start":{"line":5,"column":40},"end":{"line":5,"column":54}},{"start":{"line":5,"column":58},"end":{"line":5,"column":93}}]}},"s":{"0":4,"1":155,"2":4,"3":4,"4":78,"5":4},"f":{"0":155,"1":78},"b":{"0":[155,53],"1":[78,27,77,26]}}
}
