TN:
SF:config\dataSource.ts
FN:24,(anonymous_0)
FN:30,(anonymous_1)
FN:49,(anonymous_2)
FN:53,(anonymous_3)
FNF:4
FNH:3
FNDA:0,(anonymous_0)
FNDA:4,(anonymous_1)
FNDA:6,(anonymous_2)
FNDA:12,(anonymous_3)
DA:1,4
DA:2,4
DA:3,4
DA:4,4
DA:6,4
DA:8,4
DA:24,4
DA:26,4
DA:31,4
DA:32,0
DA:33,0
DA:34,0
DA:36,0
DA:38,0
DA:40,4
DA:41,0
DA:42,0
DA:44,4
DA:46,4
DA:50,6
DA:51,6
DA:52,6
DA:53,12
DA:56,6
DA:58,0
DA:63,4
LF:26
LH:18
BRDA:11,0,0,0
BRDA:11,0,1,4
BRDA:31,1,0,0
BRDA:32,2,0,0
BRDA:40,3,0,0
BRF:5
BRH:1
end_of_record
TN:
SF:migrations\1708367794381-carbonEmissionFactor.ts
FN:3,(anonymous_0)
FN:6,(anonymous_1)
FN:12,(anonymous_2)
FNF:3
FNH:1
FNDA:4,(anonymous_0)
FNDA:0,(anonymous_1)
FNDA:0,(anonymous_2)
DA:3,4
DA:4,4
DA:7,0
DA:13,0
LF:4
LH:2
BRF:0
BRH:0
end_of_record
TN:
SF:migrations\1713800910616-carbonFootprintRecipe.ts
FN:3,(anonymous_0)
FN:6,(anonymous_1)
FN:10,(anonymous_2)
FNF:3
FNH:1
FNDA:4,(anonymous_0)
FNDA:0,(anonymous_1)
FNDA:0,(anonymous_2)
DA:3,4
DA:4,4
DA:7,0
DA:11,0
LF:4
LH:2
BRF:0
BRH:0
end_of_record
TN:
SF:src\modules\carbonEmissionFactor\carbonEmissionFactor.entity.ts
FN:30,(anonymous_2)
FN:36,(anonymous_3)
FNF:2
FNH:2
FNDA:62,(anonymous_2)
FNDA:62,(anonymous_3)
DA:1,4
DA:2,4
DA:5,4
DA:7,4
DA:12,4
DA:17,4
DA:23,4
DA:28,4
DA:31,62
DA:32,1
DA:42,62
DA:44,62
DA:45,62
DA:46,62
DA:47,62
DA:48,62
LF:16
LH:16
BRDA:31,0,0,1
BRF:1
BRH:1
end_of_record
TN:
SF:src\modules\carbonEmissionFactor\carbonEmissionFactors.service.ts
FN:9,(anonymous_4)
FN:14,(anonymous_5)
FN:18,(anonymous_6)
FNF:3
FNH:3
FNDA:1,(anonymous_4)
FNDA:1,(anonymous_5)
FNDA:1,(anonymous_6)
DA:1,1
DA:2,1
DA:3,1
DA:4,1
DA:8,1
DA:11,1
DA:15,1
DA:21,1
LF:8
LH:8
BRF:0
BRH:0
end_of_record
TN:
SF:src\modules\carbonFootprintRecipe\carbonFootprintRecipe.entity.ts
FN:15,(anonymous_2)
FN:21,(anonymous_3)
FNF:2
FNH:2
FNDA:11,(anonymous_2)
FNDA:11,(anonymous_3)
DA:1,4
DA:2,4
DA:5,4
DA:7,4
DA:10,4
DA:13,4
DA:16,11
DA:17,1
DA:25,11
DA:26,11
DA:27,11
DA:28,11
LF:12
LH:12
BRDA:16,0,0,1
BRF:1
BRH:1
end_of_record
TN:
SF:src\modules\carbonFootprintRecipe\carbonFootprintRecipe.service.ts
FN:17,(anonymous_4)
FN:24,(anonymous_5)
FN:52,(anonymous_6)
FNF:3
FNH:3
FNDA:1,(anonymous_4)
FNDA:5,(anonymous_5)
FNDA:1,(anonymous_6)
DA:1,1
DA:2,1
DA:3,1
DA:4,1
DA:6,1
DA:7,1
DA:12,1
DA:15,1
DA:19,1
DA:21,1
DA:25,5
DA:26,5
DA:28,5
DA:29,4
DA:31,3
DA:32,14
DA:33,14
DA:34,1
DA:35,1
DA:37,13
DA:39,3
DA:40,3
DA:42,3
DA:43,2
DA:47,2
DA:48,1
DA:49,2
DA:53,1
LF:28
LH:28
BRDA:28,0,0,1
BRDA:28,0,1,4
BRDA:29,1,0,1
BRDA:33,2,0,1
BRDA:39,3,0,1
BRDA:42,4,0,2
BRDA:42,4,1,1
BRF:7
BRH:7
end_of_record
TN:
SF:src\modules\carbonFootprintRecipe\dto\compute-carbonFootprintRecipe.dto.ts
FNF:0
FNH:0
DA:1,1
DA:3,1
DA:6,1
DA:10,1
DA:13,1
DA:16,1
DA:20,1
DA:24,1
LF:8
LH:8
BRF:0
BRH:0
end_of_record
TN:
SF:src\modules\carbonFootprintRecipe\exceptions\carbonFootprintRecipe.exception.ts
FN:2,(anonymous_0)
FN:9,(anonymous_1)
FN:16,(anonymous_2)
FNF:3
FNH:3
FNDA:1,(anonymous_0)
FNDA:1,(anonymous_1)
FNDA:1,(anonymous_2)
DA:1,1
DA:3,1
DA:4,1
DA:8,1
DA:10,1
DA:11,1
DA:15,1
DA:17,1
DA:18,1
LF:9
LH:9
BRDA:2,0,0,1
BRDA:9,1,0,1
BRDA:16,2,0,1
BRF:3
BRH:3
end_of_record
TN:
SF:src\shared\utils\stringUtils.ts
FN:1,(anonymous_0)
FN:4,(anonymous_1)
FNF:2
FNH:2
FNDA:155,(anonymous_0)
FNDA:78,(anonymous_1)
DA:1,4
DA:2,155
DA:4,4
DA:5,78
LF:4
LH:4
BRDA:2,0,0,155
BRDA:2,0,1,53
BRDA:5,1,0,78
BRDA:5,1,1,27
BRDA:5,1,2,77
BRDA:5,1,3,26
BRF:6
BRH:6
end_of_record
